<?xml version="1.0" encoding="UTF-8"?>
<!-- Generated by org.testng.reporters.JUnitXMLReporter -->
<testsuite ignored="0" hostname="DESKTOP-5AHJAEO" failures="0" tests="3" name="Default test" time="27.975" errors="0" timestamp="2022-11-02T23:48:46 IST">
  <testcase classname="TestNG.dataprovider" name="demo" time="10.692"/>
  <testcase classname="TestNG.dataprovider" name="demo" time="8.772"/>
  <testcase classname="TestNG.dataprovider" name="demo" time="8.429"/>
</testsuite> <!-- Default test -->
