<?xml version="1.0" encoding="UTF-8"?>
<!-- Generated by org.testng.reporters.JUnitXMLReporter -->
<testsuite ignored="0" hostname="DESKTOP-5AHJAEO" failures="0" tests="5" name="Test7" time="0.022" errors="0" timestamp="2022-10-16T23:30:12 IST">
  <testcase classname="TestNG.Group_Test5" name="Test1" time="0.001"/>
  <testcase classname="TestNG.Group_Test3" name="Test1" time="0.001"/>
  <testcase classname="TestNG.Group_Test4" name="Test1" time="0.002"/>
  <testcase classname="TestNG.Group_Test1" name="Test1" time="0.001"/>
  <testcase classname="TestNG.Group_Test2" name="Test1" time="0.001"/>
</testsuite> <!-- Test7 -->
