<?xml version="1.0" encoding="UTF-8"?>
<!-- Generated by org.testng.reporters.JUnitXMLReporter -->
<testsuite ignored="3" hostname="DESKTOP-5AHJAEO" failures="0" tests="2" name="Test1" time="0.115" errors="0" timestamp="2022-10-17T01:13:22 IST">
  <testcase classname="TestNG.Group_Test5" name="Test1" time="0.016"/>
  <testcase classname="TestNG.Group_Test1" name="Test1" time="0.005"/>
  <testcase classname="TestNG.Group_Test2" name="Test1" time="0.0">
    <ignored/>
  </testcase> <!-- Test1 -->
  <testcase classname="TestNG.Group_Test3" name="Test1" time="0.0">
    <ignored/>
  </testcase> <!-- Test1 -->
  <testcase classname="TestNG.Group_Test4" name="Test1" time="0.0">
    <ignored/>
  </testcase> <!-- Test1 -->
</testsuite> <!-- Test1 -->
