<?xml version="1.0" encoding="UTF-8"?>
<!-- Generated by org.testng.reporters.JUnitXMLReporter -->
<testsuite ignored="0" hostname="DESKTOP-5AHJAEO" failures="1" tests="5" name="Test" time="0.14" errors="0" timestamp="2022-10-17T01:13:31 IST">
  <testcase classname="TestNG.Group_Test5" name="Test1" time="0.019"/>
  <testcase classname="TestNG.Group_Test3" name="Test1" time="0.004"/>
  <testcase classname="TestNG.Group_Test4" name="Test1" time="0.003">
    <failure type="java.lang.Error" message="Unresolved compilation problem: 
	Syntax error on token &amp;quot;,&amp;quot;, ; expected
">
      <![CDATA[java.lang.Error: Unresolved compilation problem: 
Syntax error on token ",", ; expected

at TestNG.Group_Test4.Test1(Group_Test4.java:10)
at java.base/java.util.ArrayList.forEach(ArrayList.java:1511)
... Removed 27 stack frames]]>
    </failure>
  </testcase> <!-- Test1 -->
  <testcase classname="TestNG.Group_Test1" name="Test1" time="0.004"/>
  <testcase classname="TestNG.Group_Test2" name="Test1" time="0.002"/>
</testsuite> <!-- Test -->
